ADCMAX: 32767
kP: 1000.00
kI: 0.00
kD: 25.00
MILLIS,DUTY,TARGET,RAW,AVERAGE
336,0,3.00,0.052339,0.001526
670,2934,3.00,0.186468,0.007324
1005,5713,3.00,0.325022,0.017548
1340,8353,3.00,0.457625,0.031892
1676,10862,3.00,0.583514,0.050050
2012,13247,3.00,0.703146,0.072024
2347,15513,3.00,0.817743,0.097659
2682,17666,3.00,0.926084,0.126499
3017,19712,3.00,1.030305,0.158696
3354,21655,3.00,1.127049,0.193945
3688,23503,3.00,1.222114,0.232093
4025,25257,3.00,1.310923,0.273141
4360,26923,3.00,1.393628,0.316630
4696,28508,3.00,1.473586,0.362712
5032,30014,3.00,1.550340,0.411237
5370,31444,3.00,1.621906,0.461898
5707,32804,3.00,1.693625,0.514847
6043,34092,3.00,1.756798,0.569628
6380,35319,3.00,1.817835,0.626545
6717,36485,3.00,1.878414,0.685141
7053,37591,3.00,1.935942,0.745720
7390,38640,3.00,1.988891,0.807825
7726,39637,3.00,2.039705,0.871609
8062,40584,3.00,2.088076,0.936766
8398,41483,3.00,2.134007,1.003449
8734,42337,3.00,2.177648,1.071505
9071,43148,3.00,2.216254,1.140782
9408,43922,3.00,2.259743,1.211432
9745,44651,3.00,2.296060,1.283151
10082,45345,3.00,2.332835,1.356090
10420,46002,3.00,2.363964,1.429945
10758,46630,3.00,2.395703,1.504868
11094,47226,3.00,2.424848,1.579028
11431,47793,3.00,2.457198,1.649983
11769,48327,3.00,2.481460,1.717277
12105,48839,3.00,2.514420,1.781671
12442,49316,3.00,2.533036,1.842555
12778,49778,3.00,2.557604,1.900540
13113,50214,3.00,2.578814,1.955473
13451,50629,3.00,2.601093,2.007813
13788,51022,3.00,2.619556,2.057558
14125,51397,3.00,2.640156,2.104861
14462,51751,3.00,2.656331,2.149571
14800,52090,3.00,2.673574,2.192145
15138,52412,3.00,2.691275,2.232734
15476,52716,3.00,2.705161,2.271188
15814,53007,3.00,2.723167,2.307962
16152,53279,3.00,2.736137,2.342753
16490,53539,3.00,2.748955,2.375713
16827,53786,3.00,2.761925,2.407147
17165,54020,3.00,2.773370,2.436903
17503,54243,3.00,2.785882,2.465285
17841,54453,3.00,2.796564,2.492294
18179,54653,3.00,2.806787,2.517777
18515,54843,3.00,2.814875,2.542039
18853,55026,3.00,2.823572,2.564928
19190,55200,3.00,2.834101,2.586901
19528,55363,3.00,2.842036,2.607654
19866,55518,3.00,2.849971,2.627491
20203,55666,3.00,2.858669,2.646107
20541,55805,3.00,2.864315,2.663961
20879,55939,3.00,2.872707,2.680746
21215,56064,3.00,2.878048,2.696768
21552,56184,3.00,2.883999,2.712027
21889,56298,3.00,2.889035,2.726676
22226,56407,3.00,2.895901,2.740257
22563,56509,3.00,2.901395,2.753380
22901,56606,3.00,2.905515,2.765587
23239,56699,3.00,2.911466,2.777490
23576,56786,3.00,2.914212,2.788629
23914,56871,3.00,2.920316,2.799310
24252,56949,3.00,2.923368,2.809381
24588,57024,3.00,2.928861,2.818995
24925,57093,3.00,2.932523,2.828150
25261,57159,3.00,2.934050,2.836848
25597,57224,3.00,2.938169,2.845088
25935,57284,3.00,2.941374,2.852870
26273,57341,3.00,2.945189,2.860500
26611,57394,3.00,2.945952,2.867366
26949,57447,3.00,2.950224,2.874081
27287,57495,3.00,2.952055,2.880490
27625,57542,3.00,2.953886,2.886441
27962,57587,3.00,2.956328,2.892086
28300,57630,3.00,2.958159,2.897580
28638,57671,3.00,2.961058,2.902616
28976,57709,3.00,2.962889,2.907498
29314,57745,3.00,2.965178,2.912229
29650,57779,3.00,2.967162,2.916806
29988,57811,3.00,2.968535,2.920927
30327,57842,3.00,2.969909,2.924894
30663,57871,3.00,2.972503,2.928709
31000,57897,3.00,2.972655,2.932371
31339,57924,3.00,2.974792,2.935728
31675,57948,3.00,2.976012,2.939085
32013,57971,3.00,2.977081,2.942137
32351,57993,3.00,2.978301,2.945036
32688,58014,3.00,2.979675,2.947935
33027,58033,3.00,2.981658,2.950530
33362,58050,3.00,2.981048,2.953124
33700,58069,3.00,2.981964,2.955412
34037,58086,3.00,2.984252,2.957701
34375,58101,3.00,2.984710,2.959990
34714,58116,3.00,2.983489,2.961821
35052,58132,3.00,2.985778,2.963805
35389,58145,3.00,2.986694,2.965636
35727,58158,3.00,2.985015,2.967315
36066,58173,3.00,2.989135,2.968993
36403,58182,3.00,2.988220,2.970519
36741,58194,3.00,2.987762,2.972045
37079,58206,3.00,2.989441,2.973418
37416,58216,3.00,2.989746,2.974792
37755,58226,3.00,2.989746,2.976012
38091,58236,3.00,2.990204,2.977233
38428,58245,3.00,2.991729,2.978454
38765,58252,3.00,2.991729,2.979522
39104,58260,3.00,2.992187,2.980590
39440,58267,3.00,2.992950,2.981506
39778,58273,3.00,2.992340,2.982421
40116,58280,3.00,2.992492,2.983337
40453,58287,3.00,2.992950,2.984100
40792,58293,3.00,2.993408,2.984863
41127,58299,3.00,2.993560,2.985626
41465,58305,3.00,2.992950,2.986236
41802,58312,3.00,2.993866,2.986999
42140,58317,3.00,2.995544,2.987609
42476,58321,3.00,2.994934,2.988220
42814,58326,3.00,2.994934,2.988678
43152,58331,3.00,2.996307,2.989288
43488,58334,3.00,2.995239,2.989746
43826,58339,3.00,2.996460,2.990204
44163,58342,3.00,2.996765,2.990814
44500,58345,3.00,2.997986,2.991272
44836,58346,3.00,2.996918,2.991577
45174,58349,3.00,2.997528,2.992035
45512,58351,3.00,2.998138,2.992492
45850,58352,3.00,2.997528,2.992950
46188,58354,3.00,2.996307,2.993103
46525,58357,3.00,2.997833,2.993560
46863,58358,3.00,2.996765,2.993866
47201,58361,3.00,2.997528,2.994171
47537,58363,3.00,2.996002,2.994323
47874,58367,3.00,2.997681,2.994629
48211,58368,3.00,2.998291,2.994934
48548,58369,3.00,2.999207,2.995239
48885,58369,3.00,2.999207,2.995392
49223,58369,3.00,2.998901,2.995697
49560,58370,3.00,2.997986,2.995849
49897,58372,3.00,2.997986,2.996002
50235,58374,3.00,2.998596,2.996307
50571,58375,3.00,2.999207,2.996460
50909,58375,3.00,2.999054,2.996613
51247,58375,3.00,2.998901,2.996918
51584,58376,3.00,2.998444,2.997070
51919,58377,3.00,2.997681,2.997070
52257,58379,3.00,2.998749,2.997375
52595,58379,3.00,3.001190,2.997528
52934,58379,3.00,3.000732,2.997681
53271,58379,3.00,2.998901,2.997833
53607,58380,3.00,2.997833,2.997986
53944,58382,3.00,2.998596,2.997986
54281,58383,3.00,2.997833,2.998138
54618,58385,3.00,2.998901,2.998138
54955,58385,3.00,2.998138,2.998138
55292,58387,3.00,2.998596,2.998138
55630,58388,3.00,2.997681,2.998291
55967,58390,3.00,2.998138,2.998291
56304,58391,3.00,2.998444,2.998291
56641,58392,3.00,2.997223,2.998291
56979,58395,3.00,2.997833,2.998291
57317,58397,3.00,2.999207,2.998291
57655,58397,3.00,2.997681,2.998444
57993,58399,3.00,2.999207,2.998444
58331,58399,3.00,2.998749,2.998444
58668,58400,3.00,2.998291,2.998596
59005,58401,3.00,2.998901,2.998596
59344,58401,3.00,2.999512,2.998596
59681,58401,3.00,2.999054,2.998596
60018,58402,3.00,2.998749,2.998596
60355,58403,3.00,2.999359,2.998596
60694,58403,3.00,2.999207,2.998596
61030,58403,3.00,2.999969,2.998749
61367,58403,3.00,3.000122,2.998749
61705,58403,3.00,2.999359,2.998749
62043,58403,3.00,2.999359,2.998749
62381,58403,3.00,2.998596,2.998749
62717,58404,3.00,2.998749,2.998749
63055,58405,3.00,2.999664,2.998749
63392,58405,3.00,2.999359,2.998749
63730,58405,3.00,3.000732,2.998749
64067,58405,3.00,2.999817,2.998749
64406,58405,3.00,2.999359,2.998749
64742,58405,3.00,2.999664,2.998901
65081,58405,3.00,2.999817,2.998901
65417,58405,3.00,2.999817,2.998901
65755,58405,3.00,2.999664,2.999054
66092,58405,3.00,2.999359,2.999054
66429,58405,3.00,2.999359,2.999054
66766,58405,3.00,3.000427,2.999207
67104,58405,3.00,3.000122,2.999207
67441,58405,3.00,2.999664,2.999207
67779,58405,3.00,2.999969,2.999359
68117,58405,3.00,2.998444,2.999359
68454,58406,3.00,2.999359,2.999359
68792,58406,3.00,2.997833,2.999359
69130,58408,3.00,2.998444,2.999359
69467,58409,3.00,2.999817,2.999359
69804,58409,3.00,2.999512,2.999359
70141,58409,3.00,3.000275,2.999359
70478,58409,3.00,3.000732,2.999512
70817,58409,3.00,2.999359,2.999512
71153,58409,3.00,2.999664,2.999512
71491,58409,3.00,3.001190,2.999512
71828,58409,3.00,2.999969,2.999512
72165,58409,3.00,2.999359,2.999512
72503,58409,3.00,2.999054,2.999512
72840,58410,3.00,2.998444,2.999512
73178,58411,3.00,2.999969,2.999512
73515,58411,3.00,3.000427,2.999512
73851,58411,3.00,2.999817,2.999512
74189,58411,3.00,3.000275,2.999664
74526,58411,3.00,3.001038,2.999664
74865,58411,3.00,3.000580,2.999664
75201,58411,3.00,3.000427,2.999664
75539,58411,3.00,2.999969,2.999664
75876,58411,3.00,3.000427,2.999664
76214,58411,3.00,2.999359,2.999664
76551,58411,3.00,2.999817,2.999664
76889,58411,3.00,2.999664,2.999664
77228,58411,3.00,2.999664,2.999664
77563,58411,3.00,3.000275,2.999664
77901,58411,3.00,3.000427,2.999664
78238,58411,3.00,3.000427,2.999664
78575,58411,3.00,2.999664,2.999664
78915,58411,3.00,3.000580,2.999817
79252,58411,3.00,3.000580,2.999817
79590,58411,3.00,2.999817,2.999969
79928,58411,3.00,2.999817,2.999969
80265,58411,3.00,3.000885,2.999969
80603,58411,3.00,3.000122,2.999969
80940,58411,3.00,2.999359,2.999969
81276,58411,3.00,3.000580,2.999969
81615,58411,3.00,3.000427,2.999969
81951,58411,3.00,3.000732,2.999969
82289,58411,3.00,2.999664,2.999969
82626,58411,3.00,3.000580,2.999969
82964,58411,3.00,3.000427,2.999969
83301,58411,3.00,2.999969,3.000122
83638,58411,3.00,3.000427,3.000122
83976,58411,3.00,3.000275,3.000122
84313,58411,3.00,2.999512,3.000122
84651,58411,3.00,3.000275,3.000122
84987,58411,3.00,3.000122,3.000122
85325,58411,3.00,2.998901,2.999969
85662,58412,3.00,2.999817,2.999969
86000,58412,3.00,2.999817,2.999969
86338,58412,3.00,3.000275,2.999969
86673,58412,3.00,2.999664,2.999969
87011,58412,3.00,2.999664,2.999969
87349,58412,3.00,2.999664,2.999969
87686,58412,3.00,2.999359,2.999969
88024,58412,3.00,2.999969,2.999969
88361,58412,3.00,2.999817,2.999969
88698,58412,3.00,2.999817,2.999969
89036,58412,3.00,2.999359,2.999969
89374,58412,3.00,2.999817,2.999969
89711,58412,3.00,3.000885,2.999969
90049,58412,3.00,2.999969,2.999969
90387,58412,3.00,2.999664,2.999969
90723,58412,3.00,3.000275,2.999969
91061,58412,3.00,2.999359,2.999817
91399,58412,3.00,3.000732,2.999969
91735,58412,3.00,3.000427,2.999969
92071,58412,3.00,3.000275,2.999969
92409,58412,3.00,3.000427,2.999969
92746,58412,3.00,3.000732,2.999969
93083,58412,3.00,3.000427,2.999969
93421,58412,3.00,3.000275,2.999969
93759,58412,3.00,2.999817,2.999969
94096,58412,3.00,3.000275,2.999969
94434,58412,3.00,2.999664,2.999969
94772,58412,3.00,2.998596,2.999817
95109,58413,3.00,3.000580,2.999817
95447,58413,3.00,3.000885,2.999969
95783,58413,3.00,3.000580,2.999969
96121,58413,3.00,2.999664,2.999969
96458,58413,3.00,3.000580,2.999969
96796,58413,3.00,3.001038,2.999969
97133,58413,3.00,2.999664,2.999969
97472,58413,3.00,3.000275,2.999969
97809,58413,3.00,3.000122,2.999969
98147,58413,3.00,2.999969,2.999969
98484,58413,3.00,3.000427,3.000122
98822,58413,3.00,3.000580,3.000122
99159,58413,3.00,3.000275,3.000122
99496,58413,3.00,2.998901,3.000122
99833,58414,3.00,2.998749,3.000122
100170,58415,3.00,3.000580,3.000122
100509,58415,3.00,2.998901,2.999969
100845,58416,3.00,2.999359,2.999969
101182,58416,3.00,2.999054,2.999969
101520,58417,3.00,2.999512,2.999969
101858,58417,3.00,3.000275,2.999969
102195,58417,3.00,3.000122,2.999969
102531,58417,3.00,3.000580,2.999969
102868,58417,3.00,3.000580,2.999969
103207,58417,3.00,2.999664,2.999969
103543,58417,3.00,3.000732,2.999969
103880,58417,3.00,3.000122,2.999969
104217,58417,3.00,2.999207,2.999969
104554,58418,3.00,2.999512,2.999969
104892,58418,3.00,2.999359,2.999817
105230,58418,3.00,2.998444,2.999817
105567,58419,3.00,3.000885,2.999969
105906,58419,3.00,3.000732,2.999969
106243,58419,3.00,3.000427,2.999817
106579,58419,3.00,3.001038,2.999969
106916,58419,3.00,3.001038,2.999969
107254,58419,3.00,3.000275,2.999969
107590,58419,3.00,2.999664,2.999969
107928,58419,3.00,3.000580,2.999969
108267,58419,3.00,3.000275,2.999969
108604,58419,3.00,3.000427,2.999969
108941,58419,3.00,3.000580,2.999969
109278,58419,3.00,3.000580,2.999969
109617,58419,3.00,3.000885,2.999969
109954,58419,3.00,2.999664,2.999969
110290,58419,3.00,3.000732,2.999969
110627,58419,3.00,3.000885,3.000122
110966,58419,3.00,3.000275,3.000122
111302,58419,3.00,3.000732,3.000122
111640,58419,3.00,3.000427,3.000122
111978,58419,3.00,3.000885,3.000275
112316,58419,3.00,2.999664,3.000275
112652,58419,3.00,3.000580,3.000275
112990,58419,3.00,3.001190,3.000275
113328,58419,3.00,3.000732,3.000275
113666,58419,3.00,3.000427,3.000275
114002,58419,3.00,3.000275,3.000275
114340,58419,3.00,3.001038,3.000275
114677,58419,3.00,3.000122,3.000275
115016,58419,3.00,3.000275,3.000275
115352,58419,3.00,3.000275,3.000275
115689,58419,3.00,2.998901,3.000275
116027,58420,3.00,2.999207,3.000427
116365,58420,3.00,2.999512,3.000275
116702,58420,3.00,2.999512,3.000275
117040,58420,3.00,3.000732,3.000275
117377,58420,3.00,3.000580,3.000275
117713,58420,3.00,3.000122,3.000275
118051,58420,3.00,3.000275,3.000275
118388,58420,3.00,3.000122,3.000275
118726,58420,3.00,3.000122,3.000275
119063,58420,3.00,3.000732,3.000275
119401,58420,3.00,3.000732,3.000275
119739,58420,3.00,3.000427,3.000275
120076,58420,3.00,3.000580,3.000275
120415,58420,3.00,3.000275,3.000275
120752,58420,3.00,2.999969,3.000275
121091,58420,3.00,3.000122,3.000275
121426,58420,3.00,2.999969,3.000275
121765,58420,3.00,3.001190,3.000275
122101,58420,3.00,3.000732,3.000275
122439,58420,3.00,3.000885,3.000275
122776,58420,3.00,3.000122,3.000275
123114,58420,3.00,3.000427,3.000275
123452,58420,3.00,3.000427,3.000275
123790,58420,3.00,2.999664,3.000122
124128,58420,3.00,3.000885,3.000122
124465,58420,3.00,3.000885,3.000275
124803,58420,3.00,3.000580,3.000275
125139,58420,3.00,3.000885,3.000275
125477,58420,3.00,3.000427,3.000275
125814,58420,3.00,3.000885,3.000275
126152,58420,3.00,2.999817,3.000275
126489,58420,3.00,3.000122,3.000275
126828,58420,3.00,3.001343,3.000275
127165,58420,3.00,3.000275,3.000427
127504,58420,3.00,3.000885,3.000427
127841,58420,3.00,3.000427,3.000427
128180,58420,3.00,3.000275,3.000427
128516,58420,3.00,3.001038,3.000427
128854,58420,3.00,3.000275,3.000427
129190,58420,3.00,3.000580,3.000427
129528,58420,3.00,3.001190,3.000427
129866,58420,3.00,3.000427,3.000427
130203,58420,3.00,3.000732,3.000427
130541,58420,3.00,3.000580,3.000427
130878,58420,3.00,3.000885,3.000427
131217,58420,3.00,3.000885,3.000427
131553,58420,3.00,3.000427,3.000427
131891,58420,3.00,2.998901,3.000427
132229,58421,3.00,3.001038,3.000427
132567,58421,3.00,3.001190,3.000427
132904,58421,3.00,2.999664,3.000427
133242,58421,3.00,3.000732,3.000427
133579,58421,3.00,3.001495,3.000427
133918,58421,3.00,3.000885,3.000580
134255,58421,3.00,3.001038,3.000580
134594,58421,3.00,3.000732,3.000580
134930,58421,3.00,3.000580,3.000580
135268,58421,3.00,2.999817,3.000580
135605,58421,3.00,2.999664,3.000427
135943,58421,3.00,3.001038,3.000427
136280,58421,3.00,2.999969,3.000427
136616,58421,3.00,3.000580,3.000427
136954,58421,3.00,2.999817,3.000427
137291,58421,3.00,3.000580,3.000427
137630,58421,3.00,3.000732,3.000427
137966,58421,3.00,3.000732,3.000427
138304,58421,3.00,3.001038,3.000427
138641,58421,3.00,3.000427,3.000427
138979,58421,3.00,3.001495,3.000580
139316,58421,3.00,3.001343,3.000580
139654,58421,3.00,3.000580,3.000580
139991,58421,3.00,3.001343,3.000580
140327,58421,3.00,3.000275,3.000580
140665,58421,3.00,3.001190,3.000580
141002,58421,3.00,3.000885,3.000580
141341,58421,3.00,3.000580,3.000580
141678,58421,3.00,3.000732,3.000580
142016,58421,3.00,3.000275,3.000580
142353,58421,3.00,2.998749,3.000427
142691,58422,3.00,3.000275,3.000580
143028,58422,3.00,2.999969,3.000427
143366,58422,3.00,2.999969,3.000427
143703,58422,3.00,2.999817,3.000427
144040,58422,3.00,2.999969,3.000427
144377,58422,3.00,3.000275,3.000427
144715,58422,3.00,3.000122,3.000427
145053,58422,3.00,3.000580,3.000427
145390,58422,3.00,3.000122,3.000275
145728,58422,3.00,3.001038,3.000427
146065,58422,3.00,2.999664,3.000427
146404,58422,3.00,2.999969,3.000427
146740,58422,3.00,2.999664,3.000275
147078,58422,3.00,2.998291,3.000275
147416,58424,3.00,3.000885,3.000275
147753,58424,3.00,3.001038,3.000275
148090,58424,3.00,2.999664,3.000275
148427,58424,3.00,3.001343,3.000275
148764,58424,3.00,3.000580,3.000275
149102,58424,3.00,3.001343,3.000275
149440,58424,3.00,3.000122,3.000275
149778,58424,3.00,3.000580,3.000275
150116,58424,3.00,3.000427,3.000275
150454,58424,3.00,3.000427,3.000275
150791,58424,3.00,3.000275,3.000275
151128,58424,3.00,3.000275,3.000275
151465,58424,3.00,3.000427,3.000122
151801,58424,3.00,3.000732,3.000122
152138,58424,3.00,3.000732,3.000122
152476,58424,3.00,3.000732,3.000122
152814,58424,3.00,2.999054,3.000122
153152,58425,3.00,3.001190,3.000275
153489,58425,3.00,3.001038,3.000275
153827,58425,3.00,3.001038,3.000275
154165,58425,3.00,3.001190,3.000275
154502,58425,3.00,3.001801,3.000427
154840,58425,3.00,3.000885,3.000427
155176,58425,3.00,3.000885,3.000427
155514,58425,3.00,3.000580,3.000427
155852,58425,3.00,3.001801,3.000427
156188,58425,3.00,3.001495,3.000580
156525,58425,3.00,3.001953,3.000580
156863,58425,3.00,3.000885,3.000580
157201,58425,3.00,3.000427,3.000580
157538,58425,3.00,3.000732,3.000580
157876,58425,3.00,3.001190,3.000732
158213,58425,3.00,3.001343,3.000732
158551,58425,3.00,2.999817,3.000732
158888,58425,3.00,3.000885,3.000732
159226,58425,3.00,3.001343,3.000732
159563,58425,3.00,3.001343,3.000732
159901,58425,3.00,3.000732,3.000732
160238,58425,3.00,2.999969,3.000732
160577,58425,3.00,3.000580,3.000732
160913,58425,3.00,3.000427,3.000732
161250,58425,3.00,3.000732,3.000732
161587,58425,3.00,2.999817,3.000732
161926,58425,3.00,3.000122,3.000732
162262,58425,3.00,3.000580,3.000732
162598,58425,3.00,3.000885,3.000732
162936,58425,3.00,3.001495,3.000732
163274,58425,3.00,3.000275,3.000732
163610,58425,3.00,3.001190,3.000885
163948,58425,3.00,3.000580,3.000732
164287,58425,3.00,3.000885,3.000732
164623,58425,3.00,3.001038,3.000732
164961,58425,3.00,3.001343,3.000732
165299,58425,3.00,3.001953,3.000732
165636,58425,3.00,3.001343,3.000885
165972,58425,3.00,3.000885,3.000885
166309,58425,3.00,3.001038,3.000885
166647,58425,3.00,3.000885,3.000732
166983,58425,3.00,3.000275,3.000732
167321,58425,3.00,2.999969,3.000732
167659,58425,3.00,2.999054,3.000580
167996,58426,3.00,3.000275,3.000580
168334,58426,3.00,2.999054,3.000580
