ADCMAX: 32767
kP: 1000.00
kI: 0.00
kD: 5.00
MILLIS,DUTY,TARGET,RAW,AVERAGE
335,0,3.00,0.052339,0.001526
670,2945,3.00,0.187231,0.007477
1004,5751,3.00,0.326548,0.017548
1339,8417,3.00,0.460982,0.032044
1674,10949,3.00,0.587329,0.050356
2009,13355,3.00,0.706961,0.072481
2343,15642,3.00,0.824152,0.098270
2679,17811,3.00,0.933103,0.127415
3013,19872,3.00,1.036866,0.159764
3349,21829,3.00,1.136052,0.195318
3685,23687,3.00,1.230049,0.233772
4020,25452,3.00,1.319926,0.274972
4356,27127,3.00,1.407361,0.318918
4692,28715,3.00,1.487167,0.365459
5027,30223,3.00,1.565447,0.414289
5363,31653,3.00,1.634724,0.465407
5700,33014,3.00,1.702628,0.518662
6037,34307,3.00,1.776330,0.574206
6372,35526,3.00,1.828669,0.631275
6708,36694,3.00,1.892911,0.690481
7046,37797,3.00,1.947996,0.751366
7382,38846,3.00,2.000030,0.813776
7719,39843,3.00,2.050844,0.877865
8055,40789,3.00,2.099368,0.943480
8391,41687,3.00,2.146977,1.010620
8728,42537,3.00,2.189093,1.078982
9064,43345,3.00,2.229377,1.148717
9400,44113,3.00,2.269051,1.219672
9737,44841,3.00,2.305673,1.291696
10074,45533,3.00,2.341685,1.364788
10411,46189,3.00,2.374035,1.438948
10747,46813,3.00,2.407605,1.514328
11085,47403,3.00,2.435072,1.588641
11422,47966,3.00,2.464675,1.659902
11760,48499,3.00,2.494125,1.727653
12097,49003,3.00,2.518998,1.791894
12435,49482,3.00,2.542039,1.853084
12772,49938,3.00,2.565691,1.911069
13109,50371,3.00,2.588122,1.966155
13446,50781,3.00,2.610401,2.018647
13784,51169,3.00,2.629017,2.068392
14121,51539,3.00,2.648091,2.115696
14458,51889,3.00,2.668996,2.160558
14795,52218,3.00,2.681661,2.203131
15133,52535,3.00,2.699362,2.243568
15470,52834,3.00,2.714164,2.281869
15807,53119,3.00,2.728507,2.318186
16144,53389,3.00,2.742393,2.352824
16481,53645,3.00,2.755211,2.385784
16819,53889,3.00,2.767113,2.416761
17155,54121,3.00,2.780084,2.446364
17491,54340,3.00,2.790918,2.474441
17829,54548,3.00,2.801294,2.501144
18166,54746,3.00,2.811823,2.526475
18503,54933,3.00,2.821436,2.550584
18841,55111,3.00,2.829524,2.573473
19178,55281,3.00,2.838984,2.594989
19515,55441,3.00,2.847224,2.615589
19853,55593,3.00,2.854701,2.635121
20190,55737,3.00,2.862941,2.653737
20527,55873,3.00,2.870113,2.671438
20865,56002,3.00,2.875454,2.688070
21202,56126,3.00,2.882626,2.703940
21539,56243,3.00,2.889340,2.719047
21877,56353,3.00,2.895138,2.733390
22215,56457,3.00,2.900479,2.746971
22551,56556,3.00,2.903989,2.759789
22889,56651,3.00,2.910550,2.771996
23226,56740,3.00,2.913450,2.783593
23564,56826,3.00,2.916959,2.794580
23902,56908,3.00,2.921842,2.805109
24240,56985,3.00,2.927183,2.814875
24577,57057,3.00,2.930998,2.824336
24914,57125,3.00,2.934507,2.833338
25252,57190,3.00,2.937101,2.841731
25589,57252,3.00,2.940763,2.849818
25927,57311,3.00,2.943968,2.857448
26265,57366,3.00,2.945952,2.864620
26603,57419,3.00,2.949461,2.871639
26940,57469,3.00,2.952513,2.878201
27277,57516,3.00,2.954039,2.884304
27615,57561,3.00,2.957091,2.890255
27951,57603,3.00,2.959685,2.895901
28289,57643,3.00,2.960143,2.901242
28624,57682,3.00,2.962737,2.906278
28961,57719,3.00,2.964415,2.911008
29299,57754,3.00,2.965178,2.915586
29636,57788,3.00,2.968383,2.919858
29973,57819,3.00,2.970824,2.923978
30311,57848,3.00,2.970824,2.927793
30650,57877,3.00,2.974181,2.931608
30987,57902,3.00,2.973724,2.934965
31326,57928,3.00,2.975097,2.938322
31662,57952,3.00,2.975707,2.941527
31998,57976,3.00,2.977844,2.944426
32335,57998,3.00,2.978759,2.947172
32673,58019,3.00,2.980895,2.949919
33010,58037,3.00,2.981964,2.952513
33348,58054,3.00,2.981811,2.954955
33685,58072,3.00,2.981658,2.957091
34023,58090,3.00,2.982269,2.959227
34360,58107,3.00,2.985626,2.961363
34698,58121,3.00,2.985168,2.963347
35037,58135,3.00,2.985626,2.965178
35373,58149,3.00,2.988067,2.967010
35710,58160,3.00,2.986541,2.968688
36047,58173,3.00,2.989135,2.970214
36385,58183,3.00,2.988372,2.971740
36723,58194,3.00,2.988830,2.973113
37060,58205,3.00,2.989746,2.974487
37398,58215,3.00,2.990204,2.975707
37736,58224,3.00,2.989746,2.976928
38072,58234,3.00,2.990966,2.978149
38409,58242,3.00,2.991424,2.979217
38748,58250,3.00,2.991882,2.980132
39084,58258,3.00,2.992340,2.981201
39421,58265,3.00,2.992645,2.982116
39758,58272,3.00,2.991577,2.983032
40095,58280,3.00,2.993103,2.983795
40434,58286,3.00,2.993255,2.984558
40770,58292,3.00,2.993713,2.985321
41109,58298,3.00,2.994171,2.986083
41446,58303,3.00,2.994781,2.986694
41782,58308,3.00,2.994629,2.987304
42120,58313,3.00,2.995392,2.987915
42458,58317,3.00,2.996155,2.988678
42795,58320,3.00,2.994171,2.989135
43132,58325,3.00,2.996002,2.989746
43470,58328,3.00,2.995697,2.990204
43807,58332,3.00,2.996307,2.990509
44144,58335,3.00,2.996918,2.991119
44482,58338,3.00,2.994934,2.991424
44819,58343,3.00,2.997528,2.991882
45157,58345,3.00,2.997375,2.992340
45495,58347,3.00,2.996002,2.992645
45832,58351,3.00,2.997375,2.992950
46168,58353,3.00,2.997223,2.993255
46504,58355,3.00,2.997833,2.993713
46842,58357,3.00,2.997681,2.993866
47180,58359,3.00,2.997833,2.994171
47518,58361,3.00,2.997070,2.994476
47856,58363,3.00,2.997833,2.994781
48193,58365,3.00,2.998138,2.994934
48530,58366,3.00,2.997986,2.995239
48867,58368,3.00,2.997375,2.995392
49205,58370,3.00,2.997681,2.995697
49544,58372,3.00,2.996918,2.995849
49881,58375,3.00,2.999054,2.996002
50219,58375,3.00,2.996613,2.996155
50554,58378,3.00,2.997986,2.996307
50892,58379,3.00,2.998596,2.996460
51230,58380,3.00,2.996918,2.996613
51568,58383,3.00,2.998749,2.996765
51905,58384,3.00,2.998444,2.996918
52242,58385,3.00,2.999054,2.997070
52580,58385,3.00,2.999207,2.997223
52918,58385,3.00,2.998901,2.997223
53255,58386,3.00,2.998596,2.997375
53592,58387,3.00,2.999664,2.997528
53929,58387,3.00,2.998444,2.997681
54266,58388,3.00,2.997223,2.997681
54604,58390,3.00,2.998291,2.997681
54943,58391,3.00,2.999054,2.997833
55280,58391,3.00,2.999359,2.997986
55618,58391,3.00,2.999054,2.997986
55957,58391,3.00,2.997986,2.997986
56293,58393,3.00,2.999817,2.998138
56631,58393,3.00,2.999512,2.998138
56969,58393,3.00,2.999512,2.998291
57305,58393,3.00,2.998596,2.998291
57643,58394,3.00,2.999054,2.998291
57980,58394,3.00,2.998901,2.998291
58317,58395,3.00,2.999207,2.998444
58655,58395,3.00,2.998291,2.998444
58994,58396,3.00,2.998138,2.998444
59331,58397,3.00,2.999664,2.998444
59668,58397,3.00,2.999664,2.998596
60006,58397,3.00,2.999969,2.998596
60345,58397,3.00,2.999664,2.998749
60681,58397,3.00,2.999359,2.998749
61018,58397,3.00,2.999969,2.998901
61355,58397,3.00,2.999512,2.998901
61692,58397,3.00,2.999359,2.998901
62029,58397,3.00,2.999359,2.998901
62367,58397,3.00,2.999664,2.999054
62706,58397,3.00,2.999817,2.999054
63042,58397,3.00,2.999817,2.999054
63380,58397,3.00,2.999054,2.999054
63718,58397,3.00,2.999207,2.999054
64056,58397,3.00,2.999969,2.999054
64393,58397,3.00,2.999359,2.999054
64730,58397,3.00,2.998444,2.999054
65069,58398,3.00,2.997833,2.999054
65405,58400,3.00,2.999512,2.999207
65742,58400,3.00,2.998444,2.999207
66079,58401,3.00,2.999512,2.999207
66416,58401,3.00,2.997528,2.999054
66754,58403,3.00,2.999817,2.999207
67091,58403,3.00,2.999664,2.999207
67428,58403,3.00,2.999969,2.999207
67766,58403,3.00,2.999664,2.999207
68104,58403,3.00,2.999817,2.999207
68441,58403,3.00,3.000427,2.999207
68779,58403,3.00,3.000275,2.999359
69117,58403,3.00,3.000122,2.999359
69453,58403,3.00,2.999664,2.999359
69790,58403,3.00,3.000427,2.999512
70129,58403,3.00,2.999817,2.999512
70466,58403,3.00,3.000427,2.999512
70803,58403,3.00,3.000122,2.999512
71140,58403,3.00,2.999512,2.999512
71478,58403,3.00,2.999817,2.999512
71815,58403,3.00,2.999664,2.999512
72153,58403,3.00,2.999359,2.999512
72492,58403,3.00,3.000122,2.999512
72827,58403,3.00,3.000427,2.999512
73164,58403,3.00,2.999969,2.999512
73502,58403,3.00,3.000275,2.999512
73840,58403,3.00,2.999664,2.999512
74177,58403,3.00,2.999664,2.999512
74515,58403,3.00,2.999664,2.999512
74853,58403,3.00,2.999359,2.999512
75190,58403,3.00,2.999817,2.999512
75527,58403,3.00,2.999969,2.999664
75865,58403,3.00,2.999969,2.999664
76204,58403,3.00,2.999664,2.999664
76539,58403,3.00,2.999817,2.999664
76876,58403,3.00,2.999054,2.999664
77214,58403,3.00,3.000275,2.999817
77552,58403,3.00,3.000122,2.999817
77889,58403,3.00,2.999054,2.999817
78227,58403,3.00,2.999817,2.999817
78566,58403,3.00,2.999969,2.999817
78902,58403,3.00,2.999359,2.999817
79240,58403,3.00,2.999817,2.999817
79578,58403,3.00,3.000275,2.999817
79916,58403,3.00,3.000427,2.999817
80252,58403,3.00,2.999664,2.999817
80590,58403,3.00,3.000427,2.999817
80928,58403,3.00,2.999664,2.999817
81265,58403,3.00,3.000427,2.999817
81602,58403,3.00,2.999969,2.999817
81940,58403,3.00,2.999359,2.999817
82278,58403,3.00,2.999054,2.999817
82615,58403,3.00,2.998749,2.999664
82953,58404,3.00,2.999207,2.999664
83291,58404,3.00,2.999359,2.999664
83628,58404,3.00,2.999664,2.999664
83965,58404,3.00,2.999512,2.999664
84302,58404,3.00,3.000122,2.999664
84640,58404,3.00,2.999359,2.999664
84978,58404,3.00,2.999359,2.999664
85315,58404,3.00,2.998901,2.999664
85654,58405,3.00,3.000580,2.999664
85991,58405,3.00,3.000427,2.999664
86329,58405,3.00,3.000275,2.999664
86666,58405,3.00,2.999969,2.999664
87004,58405,3.00,2.999664,2.999664
87341,58405,3.00,2.999207,2.999664
87677,58405,3.00,3.000275,2.999664
88016,58405,3.00,2.999817,2.999664
88352,58405,3.00,2.999817,2.999664
88691,58405,3.00,2.999207,2.999664
89028,58405,3.00,3.000122,2.999664
89366,58405,3.00,2.999207,2.999664
89704,58405,3.00,2.999664,2.999664
90041,58405,3.00,2.999664,2.999664
90380,58405,3.00,3.000275,2.999664
90717,58405,3.00,3.000275,2.999664
91055,58405,3.00,2.999359,2.999664
91392,58405,3.00,3.000580,2.999664
91729,58405,3.00,2.999664,2.999664
92068,58405,3.00,2.999969,2.999664
92405,58405,3.00,2.999969,2.999664
92743,58405,3.00,3.000275,2.999664
93081,58405,3.00,2.999512,2.999664
93418,58405,3.00,2.999969,2.999664
93756,58405,3.00,3.000122,2.999817
94094,58405,3.00,3.000122,2.999817
94431,58405,3.00,2.999969,2.999817
94770,58405,3.00,2.999969,2.999817
95106,58405,3.00,3.000427,2.999817
95444,58405,3.00,2.998444,2.999817
95782,58406,3.00,2.999664,2.999817
96120,58406,3.00,2.999207,2.999817
96458,58406,3.00,2.998291,2.999664
96796,58407,3.00,2.999512,2.999664
97134,58407,3.00,3.000275,2.999664
97473,58407,3.00,2.999969,2.999664
97809,58407,3.00,2.999817,2.999664
98147,58407,3.00,2.999969,2.999664
98485,58407,3.00,3.000732,2.999664
98822,58407,3.00,2.999664,2.999664
99160,58407,3.00,3.000122,2.999664
99499,58407,3.00,3.000275,2.999817
99835,58407,3.00,2.999359,2.999817
100173,58407,3.00,2.999664,2.999817
100511,58407,3.00,2.999664,2.999817
100848,58407,3.00,2.999207,2.999817
101187,58407,3.00,3.000275,2.999817
101524,58407,3.00,3.000275,2.999817
101861,58407,3.00,3.000275,2.999817
102199,58407,3.00,3.000275,2.999817
102537,58407,3.00,3.000122,2.999817
102875,58407,3.00,2.999969,2.999817
103214,58407,3.00,3.000427,2.999817
103550,58407,3.00,2.998444,2.999664
103887,58408,3.00,3.000122,2.999817
104225,58408,3.00,2.999512,2.999817
104562,58408,3.00,2.999664,2.999664
104900,58408,3.00,2.999207,2.999664
105237,58408,3.00,2.999817,2.999664
105576,58408,3.00,2.999359,2.999664
105913,58408,3.00,3.000122,2.999664
106252,58408,3.00,2.999969,2.999664
106588,58408,3.00,2.999664,2.999664
106927,58408,3.00,2.999664,2.999664
107262,58408,3.00,2.999817,2.999817
107598,58408,3.00,2.999512,2.999817
107935,58408,3.00,3.000122,2.999817
108273,58408,3.00,2.999207,2.999817
108610,58408,3.00,2.999512,2.999664
108947,58408,3.00,2.999664,2.999664
109284,58408,3.00,2.999054,2.999664
109622,58408,3.00,3.000275,2.999664
109959,58408,3.00,3.000427,2.999664
110297,58408,3.00,2.999969,2.999664
110635,58408,3.00,2.999817,2.999664
110972,58408,3.00,2.999512,2.999664
111310,58408,3.00,3.000275,2.999664
111647,58408,3.00,2.999817,2.999817
111985,58408,3.00,2.999664,2.999664
112322,58408,3.00,2.999512,2.999664
112661,58408,3.00,2.998749,2.999664
112997,58409,3.00,3.000275,2.999664
113335,58409,3.00,3.000122,2.999664
113672,58409,3.00,3.000427,2.999664
114010,58409,3.00,2.998444,2.999664
114348,58410,3.00,2.999969,2.999664
114684,58410,3.00,2.999664,2.999664
115021,58410,3.00,2.999054,2.999664
115359,58410,3.00,2.999512,2.999664
115696,58410,3.00,2.999969,2.999664
116033,58410,3.00,2.999664,2.999664
116371,58410,3.00,2.999664,2.999664
116710,58410,3.00,3.000275,2.999664
117046,58410,3.00,2.999817,2.999664
117384,58410,3.00,2.999969,2.999664
117722,58410,3.00,3.000122,2.999664
118059,58410,3.00,3.000122,2.999664
118395,58410,3.00,3.000427,2.999664
118733,58410,3.00,2.999664,2.999664
119072,58410,3.00,3.000122,2.999664
119408,58410,3.00,3.000732,2.999817
119745,58410,3.00,2.999359,2.999817
120083,58410,3.00,2.999664,2.999817
120421,58410,3.00,3.000122,2.999817
120758,58410,3.00,3.000580,2.999817
121095,58410,3.00,3.000275,2.999817
121434,58410,3.00,3.000427,2.999817
121771,58410,3.00,3.000427,2.999817
122107,58410,3.00,3.000732,2.999817
122444,58410,3.00,3.000427,2.999817
122782,58410,3.00,2.999817,2.999817
123120,58410,3.00,2.999664,2.999817
123456,58410,3.00,3.000427,2.999969
123793,58410,3.00,2.999969,2.999969
124131,58410,3.00,3.000427,2.999969
124470,58410,3.00,2.999359,2.999817
124807,58410,3.00,2.999817,2.999969
125144,58410,3.00,3.000122,2.999969
125480,58410,3.00,2.999054,2.999969
125819,58410,3.00,2.999969,2.999969
126156,58410,3.00,2.999817,2.999969
126493,58410,3.00,3.000275,2.999969
126832,58410,3.00,2.999512,2.999969
127171,58410,3.00,2.999664,2.999969
127508,58410,3.00,3.000580,2.999969
127845,58410,3.00,3.000275,2.999969
128183,58410,3.00,2.999817,2.999969
128520,58410,3.00,3.000122,2.999969
128857,58410,3.00,3.000732,2.999969
129193,58410,3.00,2.999969,2.999969
129531,58410,3.00,2.999969,2.999969
129868,58410,3.00,3.000275,2.999969
130207,58410,3.00,2.998901,2.999969
130545,58411,3.00,3.000580,2.999969
130882,58411,3.00,3.000885,2.999969
131219,58411,3.00,3.000732,2.999969
131557,58411,3.00,3.000122,2.999969
131894,58411,3.00,2.999207,2.999969
132233,58411,3.00,3.000885,2.999969
132569,58411,3.00,3.000580,2.999969
132907,58411,3.00,2.999512,2.999969
133243,58411,3.00,3.000580,2.999969
133581,58411,3.00,2.999664,2.999969
133918,58411,3.00,3.000275,2.999969
134256,58411,3.00,3.001038,2.999969
134594,58411,3.00,3.001190,3.000122
134931,58411,3.00,2.998596,2.999969
135269,58412,3.00,2.999664,2.999969
135607,58412,3.00,2.999817,2.999969
135944,58412,3.00,2.999512,2.999969
136283,58412,3.00,2.999817,2.999969
136619,58412,3.00,2.999817,2.999969
136956,58412,3.00,2.999817,2.999969
137293,58412,3.00,2.999207,2.999969
137631,58412,3.00,3.000275,2.999969
137969,58412,3.00,2.999054,2.999969
138306,58413,3.00,3.001038,2.999969
138643,58413,3.00,3.000275,2.999969
138982,58413,3.00,2.999359,2.999969
139318,58413,3.00,3.002411,2.999969
139656,58413,3.00,3.001495,3.000122
139993,58413,3.00,3.001648,3.000122
140329,58413,3.00,3.000732,3.000122
140668,58413,3.00,2.999664,3.000122
141004,58413,3.00,3.001190,3.000122
141342,58413,3.00,3.000732,3.000275
141679,58413,3.00,3.000122,3.000122
142016,58413,3.00,3.000732,3.000122
142355,58413,3.00,3.001038,3.000275
142692,58413,3.00,2.999512,3.000275
143030,58413,3.00,2.999054,3.000122
143367,58413,3.00,2.999054,3.000122
143705,58413,3.00,2.999817,3.000122
144043,58413,3.00,2.999512,3.000122
144379,58413,3.00,2.999817,3.000122
144718,58413,3.00,3.000122,3.000122
145055,58413,3.00,2.999969,3.000122
145393,58413,3.00,2.999054,2.999969
145732,58413,3.00,3.000275,2.999969
146069,58413,3.00,3.000275,3.000122
146407,58413,3.00,2.999817,3.000122
146746,58413,3.00,2.999359,3.000122
147082,58413,3.00,2.998749,2.999969
147420,58414,3.00,2.999207,2.999969
147757,58414,3.00,2.999054,2.999969
148094,58414,3.00,2.999054,2.999969
148431,58414,3.00,2.999969,2.999969
148769,58414,3.00,2.999512,2.999969
149106,58414,3.00,2.999359,2.999969
149444,58414,3.00,2.999664,2.999969
149781,58414,3.00,2.999359,2.999969
150119,58414,3.00,2.999969,2.999817
150456,58414,3.00,2.999664,2.999817
150793,58414,3.00,2.999664,2.999664
151130,58414,3.00,2.998749,2.999664
151468,58415,3.00,3.000885,2.999664
151804,58415,3.00,2.999664,2.999664
152141,58415,3.00,3.001038,2.999664
152478,58415,3.00,3.001190,2.999664
152816,58415,3.00,3.000275,2.999664
153153,58415,3.00,3.001038,2.999664
153491,58415,3.00,3.000275,2.999664
153829,58415,3.00,3.000732,2.999817
154166,58415,3.00,3.000580,2.999817
154504,58415,3.00,3.001038,2.999817
154842,58415,3.00,3.000275,2.999817
155179,58415,3.00,3.000580,2.999817
155516,58415,3.00,2.999664,2.999817
155854,58415,3.00,2.999817,2.999817
156191,58415,3.00,3.001038,2.999969
156528,58415,3.00,2.999512,2.999969
156866,58415,3.00,2.999664,2.999817
157203,58415,3.00,3.000275,2.999817
157541,58415,3.00,2.999512,2.999969
157878,58415,3.00,2.999817,2.999969
158216,58415,3.00,2.999664,2.999969
158555,58415,3.00,3.000275,2.999969
158892,58415,3.00,2.999817,2.999969
159228,58415,3.00,3.000427,2.999969
159567,58415,3.00,2.997681,2.999969
159903,58417,3.00,2.997223,2.999969
160241,58419,3.00,2.993560,2.999664
160580,58425,3.00,2.995544,2.999512
160916,58429,3.00,2.998749,2.999512
161254,58430,3.00,2.999054,2.999512
161592,58430,3.00,2.997986,2.999512
161930,58432,3.00,2.998444,2.999512
162267,58433,3.00,2.999512,2.999359
162604,58433,3.00,2.999359,2.999359
162941,58433,3.00,3.000732,2.999359
163277,58433,3.00,2.999664,2.999359
163615,58433,3.00,2.999054,2.999359
163954,58433,3.00,2.998749,2.999207
164290,58434,3.00,2.997986,2.999207
164628,58436,3.00,2.997375,2.999054
164965,58438,3.00,2.998901,2.999054
165303,58439,3.00,2.999969,2.999054
165642,58439,3.00,2.999664,2.998901
165978,58439,3.00,2.999817,2.998901
166316,58439,3.00,2.999664,2.998901
166653,58439,3.00,3.000122,2.998901
166991,58439,3.00,2.999817,2.998901
167327,58439,3.00,2.998291,2.998901
167665,58440,3.00,2.997528,2.998749
168002,58442,3.00,3.000732,2.998749
168340,58442,3.00,2.999969,2.998901
168677,58442,3.00,2.999969,2.998901
169014,58442,3.00,3.000275,2.998901
169352,58442,3.00,2.999817,2.998901
169689,58442,3.00,2.998444,2.998749
170025,58443,3.00,3.001190,2.998901
170363,58443,3.00,3.000580,2.998901
170700,58443,3.00,3.000885,2.999054
171037,58443,3.00,3.000885,2.999207
171374,58443,3.00,3.000732,2.999359
171712,58443,3.00,3.001038,2.999512
172049,58443,3.00,2.999207,2.999512
172388,58443,3.00,3.000275,2.999512
